# JRE version: OpenJDK Runtime Environment (11.0.11) (build 11.0.11+0-b60-7590822)
# Java VM: OpenJDK 64-Bit Server VM (11.0.11+0-b60-7590822, mixed mode, tiered, compressed oops, g1 gc, linux-amd64)
Heap:
 garbage-first heap   total 265216K, used 180458K [0x0000000080000000, 0x0000000100000000)
  region size 1024K, 54 young (55296K), 2 survivors (2048K)
 Metaspace       used 102861K, capacity 105323K, committed 105592K, reserved 1140736K
  class space    used 12603K, capacity 13513K, committed 13516K, reserved 1048576K
GC Heap History (20 events):
Event: 25.965 GC heap before
{Heap before GC invocations=29 (full 0):
 garbage-first heap   total 212992K, used 153208K [0x0000000080000000, 0x0000000100000000)
  region size 1024K, 60 young (61440K), 6 survivors (6144K)
 Metaspace       used 95536K, capacity 97738K, committed 98040K, reserved 1134592K
  class space    used 11928K, capacity 12764K, committed 12876K, reserved 1048576K
}
Event: 25.973 GC heap after
{Heap after GC invocations=30 (full 0):
 garbage-first heap   total 212992K, used 97598K [0x0000000080000000, 0x0000000100000000)
  region size 1024K, 4 young (4096K), 4 survivors (4096K)
 Metaspace       used 95536K, capacity 97738K, committed 98040K, reserved 1134592K
  class space    used 11928K, capacity 12764K, committed 12876K, reserved 1048576K
}
Event: 26.170 GC heap before
{Heap before GC invocations=30 (full 0):
 garbage-first heap   total 212992K, used 120126K [0x0000000080000000, 0x0000000100000000)
  region size 1024K, 26 young (26624K), 4 survivors (4096K)
 Metaspace       used 96614K, capacity 98852K, committed 99192K, reserved 1136640K
  class space    used 12076K, capacity 12897K, committed 13004K, reserved 1048576K
}
Event: 26.177 GC heap after
{Heap after GC invocations=31 (full 0):
 garbage-first heap   total 212992K, used 98797K [0x0000000080000000, 0x0000000100000000)
  region size 1024K, 4 young (4096K), 4 survivors (4096K)
 Metaspace       used 96614K, capacity 98852K, committed 99192K, reserved 1136640K
  class space    used 12076K, capacity 12897K, committed 13004K, reserved 1048576K
}
Event: 26.275 GC heap before
{Heap before GC invocations=31 (full 0):
 garbage-first heap   total 212992K, used 187885K [0x0000000080000000, 0x0000000100000000)
  region size 1024K, 66 young (67584K), 4 survivors (4096K)
 Metaspace       used 96639K, capacity 98852K, committed 99192K, reserved 1136640K
  class space    used 12076K, capacity 12897K, committed 13004K, reserved 1048576K
}
Event: 26.285 GC heap after
{Heap after GC invocations=32 (full 0):
 garbage-first heap   total 212992K, used 111416K [0x0000000080000000, 0x0000000100000000)
  region size 1024K, 4 young (4096K), 4 survivors (4096K)
 Metaspace       used 96639K, capacity 98852K, committed 99192K, reserved 1136640K
  class space    used 12076K, capacity 12897K, committed 13004K, reserved 1048576K
}
Event: 26.372 GC heap before
{Heap before GC invocations=32 (full 0):
 garbage-first heap   total 212992K, used 193336K [0x0000000080000000, 0x0000000100000000)
  region size 1024K, 61 young (62464K), 4 survivors (4096K)
 Metaspace       used 96653K, capacity 98852K, committed 99192K, reserved 1136640K
  class space    used 12078K, capacity 12897K, committed 13004K, reserved 1048576K
}
Event: 26.381 GC heap after
{Heap after GC invocations=33 (full 0):
 garbage-first heap   total 212992K, used 104426K [0x0000000080000000, 0x0000000100000000)
  region size 1024K, 5 young (5120K), 5 survivors (5120K)
 Metaspace       used 96653K, capacity 98852K, committed 99192K, reserved 1136640K
  class space    used 12078K, capacity 12897K, committed 13004K, reserved 1048576K
}
Event: 26.444 GC heap before
{Heap before GC invocations=33 (full 0):
 garbage-first heap   total 212992K, used 204778K [0x0000000080000000, 0x0000000100000000)
  region size 1024K, 69 young (70656K), 5 survivors (5120K)
 Metaspace       used 96653K, capacity 98852K, committed 99192K, reserved 1136640K
  class space    used 12078K, capacity 12897K, committed 13004K, reserved 1048576K
}
Event: 26.453 GC heap after
{Heap after GC invocations=34 (full 0):
 garbage-first heap   total 256000K, used 104248K [0x0000000080000000, 0x0000000100000000)
  region size 1024K, 4 young (4096K), 4 survivors (4096K)
 Metaspace       used 96653K, capacity 98852K, committed 99192K, reserved 1136640K
  class space    used 12078K, capacity 12897K, committed 13004K, reserved 1048576K
}
Event: 28.622 GC heap before
{Heap before GC invocations=35 (full 0):
 garbage-first heap   total 256000K, used 209720K [0x0000000080000000, 0x0000000100000000)
  region size 1024K, 94 young (96256K), 4 survivors (4096K)
 Metaspace       used 97123K, capacity 99284K, committed 99704K, reserved 1136640K
  class space    used 12100K, capacity 12912K, committed 13004K, reserved 1048576K
}
Event: 28.641 GC heap after
{Heap after GC invocations=36 (full 0):
 garbage-first heap   total 256000K, used 98855K [0x0000000080000000, 0x0000000100000000)
  region size 1024K, 9 young (9216K), 9 survivors (9216K)
 Metaspace       used 97123K, capacity 99284K, committed 99704K, reserved 1136640K
  class space    used 12100K, capacity 12912K, committed 13004K, reserved 1048576K
}
Event: 28.681 GC heap before
{Heap before GC invocations=36 (full 0):
 garbage-first heap   total 256000K, used 101927K [0x0000000080000000, 0x0000000100000000)
  region size 1024K, 12 young (12288K), 9 survivors (9216K)
 Metaspace       used 97123K, capacity 99284K, committed 99704K, reserved 1136640K
  class space    used 12100K, capacity 12912K, committed 13004K, reserved 1048576K
}
Event: 28.706 GC heap after
{Heap after GC invocations=37 (full 0):
 garbage-first heap   total 256000K, used 93818K [0x0000000080000000, 0x0000000100000000)
  region size 1024K, 2 young (2048K), 2 survivors (2048K)
 Metaspace       used 97123K, capacity 99284K, committed 99704K, reserved 1136640K
  class space    used 12100K, capacity 12912K, committed 13004K, reserved 1048576K
}
Event: 57.360 GC heap before
{Heap before GC invocations=37 (full 0):
 garbage-first heap   total 256000K, used 193146K [0x0000000080000000, 0x0000000100000000)
  region size 1024K, 97 young (99328K), 2 survivors (2048K)
 Metaspace       used 102851K, capacity 105322K, committed 105592K, reserved 1140736K
  class space    used 12602K, capacity 13513K, committed 13516K, reserved 1048576K
}
Event: 57.381 GC heap after
{Heap after GC invocations=38 (full 0):
 garbage-first heap   total 256000K, used 100912K [0x0000000080000000, 0x0000000100000000)
  region size 1024K, 8 young (8192K), 8 survivors (8192K)
 Metaspace       used 102851K, capacity 105322K, committed 105592K, reserved 1140736K
  class space    used 12602K, capacity 13513K, committed 13516K, reserved 1048576K
}
Event: 77.503 GC heap before
{Heap before GC invocations=38 (full 0):
 garbage-first heap   total 256000K, used 177712K [0x0000000080000000, 0x0000000100000000)
  region size 1024K, 65 young (66560K), 8 survivors (8192K)
 Metaspace       used 102861K, capacity 105323K, committed 105592K, reserved 1140736K
  class space    used 12603K, capacity 13513K, committed 13516K, reserved 1048576K
}
Event: 77.516 GC heap after
{Heap after GC invocations=39 (full 0):
 garbage-first heap   total 256000K, used 112442K [0x0000000080000000, 0x0000000100000000)
  region size 1024K, 9 young (9216K), 9 survivors (9216K)
 Metaspace       used 102861K, capacity 105323K, committed 105592K, reserved 1140736K
  class space    used 12603K, capacity 13513K, committed 13516K, reserved 1048576K
}
Event: 77.577 GC heap before
{Heap before GC invocations=39 (full 0):
 garbage-first heap   total 256000K, used 254778K [0x0000000080000000, 0x0000000100000000)
  region size 1024K, 97 young (99328K), 9 survivors (9216K)
 Metaspace       used 102861K, capacity 105323K, committed 105592K, reserved 1140736K
  class space    used 12603K, capacity 13513K, committed 13516K, reserved 1048576K
}
Event: 77.588 GC heap after
{Heap after GC invocations=40 (full 0):
 garbage-first heap   total 265216K, used 104682K [0x0000000080000000, 0x0000000100000000)
  region size 1024K, 2 young (2048K), 2 survivors (2048K)
 Metaspace       used 102861K, capacity 105323K, committed 105592K, reserved 1140736K
  class space    used 12603K, capacity 13513K, committed 13516K, reserved 1048576K
}

